<?xml version="1.0" encoding="UTF-8"?>
<!-- Generated by org.testng.reporters.JUnitXMLReporter -->
<testsuite ignored="0" hostname="HP" failures="1" tests="1" name="testing Flipkart" time="24.569" errors="0" timestamp="2021-03-14T12:52:37 SGT">
  <testcase classname="com.Flipkart.testCases.TC_LoginTest_001" name="loginTest" time="21.519">
    <failure type="java.lang.AssertionError">
      <![CDATA[java.lang.AssertionError
at org.junit.Assert.fail(Assert.java:86)
at org.junit.Assert.assertTrue(Assert.java:41)
at org.junit.Assert.assertTrue(Assert.java:52)
at com.Flipkart.testCases.TC_LoginTest_001.loginTest(TC_LoginTest_001.java:54)
at java.base/java.util.ArrayList.forEach(ArrayList.java:1511)
... Removed 27 stack frames]]>
    </failure>
  </testcase> <!-- loginTest -->
</testsuite> <!-- testing Flipkart -->
